C:\USERS\SS\DESKTOP\강명훈\3학년 1학기\설계프로젝트 C\[설프C]_1조_택배배달시스템[수정]\[설프C]_1조_택배배달시스템[수정]\DEBUG\[설프C]_1조_택배배달시스템[수정].EXE.EMBED.MANIFEST
C:\USERS\SS\DESKTOP\강명훈\3학년 1학기\설계프로젝트 C\[설프C]_1조_택배배달시스템[수정]\[설프C]_1조_택배배달시스템[수정]\DEBUG\[설프C]_1조_택배배달시스템[수정].EXE.EMBED.MANIFEST.RES
C:\USERS\SS\DESKTOP\강명훈\3학년 1학기\설계프로젝트 C\[설프C]_1조_택배배달시스템[수정]\[설프C]_1조_택배배달시스템[수정]\DEBUG\[설프C]_1조_택배배달시스템[수정].EXE.INTERMEDIATE.MANIFEST
C:\Users\ss\Desktop\강명훈\3학년 1학기\설계프로젝트 C\[설프C]_1조_택배배달시스템[수정]\[설프C]_1조_택배배달시스템[수정]\Debug\[설프C]_1조_택배배달시스템[수정].vcxprojResolveAssemblyReference.cache
C:\Users\ss\Desktop\강명훈\3학년 1학기\설계프로젝트 C\[설프C]_1조_택배배달시스템[수정]\[설프C]_1조_택배배달시스템[수정]\Debug\[설프C]_1조_택배배달시스템[수정].write.1.tlog
C:\Users\ss\Desktop\강명훈\3학년 1학기\설계프로젝트 C\[설프C]_1조_택배배달시스템[수정]\[설프C]_1조_택배배달시스템[수정]\Debug\[설프C]_1조_택배배달시스템[수정]_manifest.rc
C:\Users\ss\Desktop\강명훈\3학년 1학기\설계프로젝트 C\[설프C]_1조_택배배달시스템[수정]\[설프C]_1조_택배배달시스템[수정]\Debug\cl.command.1.tlog
C:\Users\ss\Desktop\강명훈\3학년 1학기\설계프로젝트 C\[설프C]_1조_택배배달시스템[수정]\[설프C]_1조_택배배달시스템[수정]\Debug\CL.read.1.tlog
C:\Users\ss\Desktop\강명훈\3학년 1학기\설계프로젝트 C\[설프C]_1조_택배배달시스템[수정]\[설프C]_1조_택배배달시스템[수정]\Debug\CL.write.1.tlog
C:\USERS\SS\DESKTOP\강명훈\3학년 1학기\설계프로젝트 C\[설프C]_1조_택배배달시스템[수정]\[설프C]_1조_택배배달시스템[수정]\DEBUG\DELIVER.OBJ
C:\USERS\SS\DESKTOP\강명훈\3학년 1학기\설계프로젝트 C\[설프C]_1조_택배배달시스템[수정]\[설프C]_1조_택배배달시스템[수정]\DEBUG\DELIVERSYSTEM.OBJ
C:\Users\ss\Desktop\강명훈\3학년 1학기\설계프로젝트 C\[설프C]_1조_택배배달시스템[수정]\[설프C]_1조_택배배달시스템[수정]\Debug\link.7928.read.1.tlog
C:\Users\ss\Desktop\강명훈\3학년 1학기\설계프로젝트 C\[설프C]_1조_택배배달시스템[수정]\[설프C]_1조_택배배달시스템[수정]\Debug\link.7928.write.1.tlog
C:\Users\ss\Desktop\강명훈\3학년 1학기\설계프로젝트 C\[설프C]_1조_택배배달시스템[수정]\[설프C]_1조_택배배달시스템[수정]\Debug\link.7928-cvtres.read.1.tlog
C:\Users\ss\Desktop\강명훈\3학년 1학기\설계프로젝트 C\[설프C]_1조_택배배달시스템[수정]\[설프C]_1조_택배배달시스템[수정]\Debug\link.7928-cvtres.write.1.tlog
C:\Users\ss\Desktop\강명훈\3학년 1학기\설계프로젝트 C\[설프C]_1조_택배배달시스템[수정]\[설프C]_1조_택배배달시스템[수정]\Debug\link.command.1.tlog
C:\Users\ss\Desktop\강명훈\3학년 1학기\설계프로젝트 C\[설프C]_1조_택배배달시스템[수정]\[설프C]_1조_택배배달시스템[수정]\Debug\link.read.1.tlog
C:\Users\ss\Desktop\강명훈\3학년 1학기\설계프로젝트 C\[설프C]_1조_택배배달시스템[수정]\[설프C]_1조_택배배달시스템[수정]\Debug\link.write.1.tlog
C:\Users\ss\Desktop\강명훈\3학년 1학기\설계프로젝트 C\[설프C]_1조_택배배달시스템[수정]\[설프C]_1조_택배배달시스템[수정]\Debug\link-cvtres.read.1.tlog
C:\Users\ss\Desktop\강명훈\3학년 1학기\설계프로젝트 C\[설프C]_1조_택배배달시스템[수정]\[설프C]_1조_택배배달시스템[수정]\Debug\link-cvtres.write.1.tlog
C:\USERS\SS\DESKTOP\강명훈\3학년 1학기\설계프로젝트 C\[설프C]_1조_택배배달시스템[수정]\[설프C]_1조_택배배달시스템[수정]\DEBUG\MAIN.OBJ
C:\USERS\SS\DESKTOP\강명훈\3학년 1학기\설계프로젝트 C\[설프C]_1조_택배배달시스템[수정]\[설프C]_1조_택배배달시스템[수정]\DEBUG\MINIMUM.OBJ
C:\Users\ss\Desktop\강명훈\3학년 1학기\설계프로젝트 C\[설프C]_1조_택배배달시스템[수정]\[설프C]_1조_택배배달시스템[수정]\Debug\mt.command.1.tlog
C:\Users\ss\Desktop\강명훈\3학년 1학기\설계프로젝트 C\[설프C]_1조_택배배달시스템[수정]\[설프C]_1조_택배배달시스템[수정]\Debug\mt.read.1.tlog
C:\Users\ss\Desktop\강명훈\3학년 1학기\설계프로젝트 C\[설프C]_1조_택배배달시스템[수정]\[설프C]_1조_택배배달시스템[수정]\Debug\mt.write.1.tlog
C:\USERS\SS\DESKTOP\강명훈\3학년 1학기\설계프로젝트 C\[설프C]_1조_택배배달시스템[수정]\[설프C]_1조_택배배달시스템[수정]\DEBUG\NPALGORITHM.OBJ
C:\Users\ss\Desktop\강명훈\3학년 1학기\설계프로젝트 C\[설프C]_1조_택배배달시스템[수정]\[설프C]_1조_택배배달시스템[수정]\Debug\rc.command.1.tlog
C:\Users\ss\Desktop\강명훈\3학년 1학기\설계프로젝트 C\[설프C]_1조_택배배달시스템[수정]\[설프C]_1조_택배배달시스템[수정]\Debug\rc.read.1.tlog
C:\Users\ss\Desktop\강명훈\3학년 1학기\설계프로젝트 C\[설프C]_1조_택배배달시스템[수정]\[설프C]_1조_택배배달시스템[수정]\Debug\rc.write.1.tlog
C:\USERS\SS\DESKTOP\강명훈\3학년 1학기\설계프로젝트 C\[설프C]_1조_택배배달시스템[수정]\[설프C]_1조_택배배달시스템[수정]\DEBUG\SPALGORITHM.OBJ
C:\Users\ss\Desktop\강명훈\3학년 1학기\설계프로젝트 C\[설프C]_1조_택배배달시스템[수정]\[설프C]_1조_택배배달시스템[수정]\Debug\vc100.idb
C:\USERS\SS\DESKTOP\강명훈\3학년 1학기\설계프로젝트 C\[설프C]_1조_택배배달시스템[수정]\[설프C]_1조_택배배달시스템[수정]\DEBUG\VC100.PDB
C:\USERS\SS\DESKTOP\강명훈\3학년 1학기\설계프로젝트 C\[설프C]_1조_택배배달시스템[수정]\DEBUG\[설프C]_1조_택배배달시스템[수정].EXE
C:\USERS\SS\DESKTOP\강명훈\3학년 1학기\설계프로젝트 C\[설프C]_1조_택배배달시스템[수정]\DEBUG\[설프C]_1조_택배배달시스템[수정].ILK
C:\USERS\SS\DESKTOP\강명훈\3학년 1학기\설계프로젝트 C\[설프C]_1조_택배배달시스템[수정]\DEBUG\[설프C]_1조_택배배달시스템[수정].PDB
