Build started 2015-06-01 오후 10:44:31.
     1>Project "C:\Users\ss\Desktop\강명훈\3학년 1학기\설계프로젝트 C\[설프C]_1조_택배배달시스템[수정]\[설프C]_1조_택배배달시스템[수정]\[설프C]_1조_택배배달시스템[수정].vcxproj" on node 2 (build target(s)).
     1>InitializeBuildStatus:
         Creating "Debug\[설프C]_1조_택배배달시스템[수정].unsuccessfulbuild" because "AlwaysCreate" was specified.
       ClCompile:
         c:\Program Files (x86)\Microsoft Visual Studio 10.0\VC\bin\CL.exe /c /ZI /nologo /W3 /WX- /Od /Oy- /D WIN32 /D _DEBUG /D _CONSOLE /D _UNICODE /D UNICODE /Gm /EHsc /RTC1 /MDd /GS /fp:precise /Zc:wchar_t /Zc:forScope /Fo"Debug\\" /Fd"Debug\vc100.pdb" /Gd /TP /analyze- /errorReport:prompt SPAlgorithm.cpp
         SPAlgorithm.cpp
     1>c:\users\ss\desktop\강명훈\3학년 1학기\설계프로젝트 c\[설프c]_1조_택배배달시스템[수정]\[설프c]_1조_택배배달시스템[수정]\spalgorithm.cpp(419): warning C4553: '==' : operator has no effect; did you intend '='?
       ManifestResourceCompile:
         All outputs are up-to-date.
       Link:
         c:\Program Files (x86)\Microsoft Visual Studio 10.0\VC\bin\link.exe /ERRORREPORT:PROMPT /OUT:"C:\Users\ss\Desktop\강명훈\3학년 1학기\설계프로젝트 C\[설프C]_1조_택배배달시스템[수정]\Debug\[설프C]_1조_택배배달시스템[수정].exe" /INCREMENTAL /NOLOGO kernel32.lib user32.lib gdi32.lib winspool.lib comdlg32.lib advapi32.lib shell32.lib ole32.lib oleaut32.lib uuid.lib odbc32.lib odbccp32.lib /MANIFEST /ManifestFile:"Debug\[설프C]_1조_택배배달시스템[수정].exe.intermediate.manifest" /MANIFESTUAC:"level='asInvoker' uiAccess='false'" /DEBUG /PDB:"C:\Users\ss\Desktop\강명훈\3학년 1학기\설계프로젝트 C\[설프C]_1조_택배배달시스템[수정]\Debug\[설프C]_1조_택배배달시스템[수정].pdb" /SUBSYSTEM:CONSOLE /TLBID:1 /DYNAMICBASE /NXCOMPAT /IMPLIB:"C:\Users\ss\Desktop\강명훈\3학년 1학기\설계프로젝트 C\[설프C]_1조_택배배달시스템[수정]\Debug\[설프C]_1조_택배배달시스템[수정].lib" /MACHINE:X86 "Debug\[설프C]_1조_택배배달시스템[수정].exe.embed.manifest.res"
         Debug\Deliver.obj
         Debug\DeliverSystem.obj
         Debug\main.obj
         Debug\Minimum.obj
         Debug\NPAlgorithm.obj
         Debug\SPAlgorithm.obj
       Manifest:
         c:\Program Files (x86)\Microsoft SDKs\Windows\v7.0A\bin\mt.exe /nologo /verbose /out:"Debug\[설프C]_1조_택배배달시스템[수정].exe.embed.manifest" /manifest "Debug\[설프C]_1조_택배배달시스템[수정].exe.intermediate.manifest"
         All outputs are up-to-date.
       LinkEmbedManifest:
         All outputs are up-to-date.
         [설프C]_1조_택배배달시스템[수정].vcxproj -> C:\Users\ss\Desktop\강명훈\3학년 1학기\설계프로젝트 C\[설프C]_1조_택배배달시스템[수정]\Debug\[설프C]_1조_택배배달시스템[수정].exe
       FinalizeBuildStatus:
         Deleting file "Debug\[설프C]_1조_택배배달시스템[수정].unsuccessfulbuild".
         Touching "Debug\[설프C]_1조_택배배달시스템[수정].lastbuildstate".
     1>Done Building Project "C:\Users\ss\Desktop\강명훈\3학년 1학기\설계프로젝트 C\[설프C]_1조_택배배달시스템[수정]\[설프C]_1조_택배배달시스템[수정]\[설프C]_1조_택배배달시스템[수정].vcxproj" (build target(s)).

Build succeeded.

Time Elapsed 00:00:00.81
